<?xml version="1.0" encoding="UTF-8"?>
<coverage generated="1539838412">
  <project timestamp="1539838412">
    <package name="TS\Text\HtmlBuilder">
      <file name="E:\dev\html-builder\src/Comment.php">
        <class name="TS\Text\HtmlBuilder\Comment" namespace="TS\Text\HtmlBuilder">
          <metrics complexity="6" methods="3" coveredmethods="1" conditionals="0" coveredconditionals="0" statements="9" coveredstatements="5" elements="12" coveredelements="6"/>
        </class>
        <line num="11" type="method" name="__construct" visibility="public" complexity="4" crap="5.26" count="1"/>
        <line num="12" type="stmt" count="1"/>
        <line num="14" type="stmt" count="1"/>
        <line num="15" type="stmt" count="1"/>
        <line num="16" type="stmt" count="0"/>
        <line num="17" type="stmt" count="0"/>
        <line num="19" type="stmt" count="0"/>
        <line num="21" type="stmt" count="1"/>
        <line num="23" type="method" name="toString" visibility="public" complexity="1" crap="1" count="1"/>
        <line num="24" type="stmt" count="1"/>
        <line num="27" type="method" name="__toString" visibility="public" complexity="1" crap="2" count="0"/>
        <line num="28" type="stmt" count="0"/>
        <metrics loc="32" ncloc="26" classes="1" methods="3" coveredmethods="1" conditionals="0" coveredconditionals="0" statements="9" coveredstatements="5" elements="12" coveredelements="6"/>
      </file>
      <file name="E:\dev\html-builder\src/Element.php">
        <class name="TS\Text\HtmlBuilder\Element" namespace="TS\Text\HtmlBuilder">
          <metrics complexity="60" methods="20" coveredmethods="7" conditionals="0" coveredconditionals="0" statements="114" coveredstatements="75" elements="134" coveredelements="82"/>
        </class>
        <line num="23" type="method" name="__construct" visibility="public" complexity="4" crap="4" count="11"/>
        <line num="24" type="stmt" count="11"/>
        <line num="25" type="stmt" count="11"/>
        <line num="26" type="stmt" count="7"/>
        <line num="27" type="stmt" count="4"/>
        <line num="30" type="stmt" count="11"/>
        <line num="67" type="method" name="removeAttr" visibility="public" complexity="1" crap="2" count="0"/>
        <line num="68" type="stmt" count="0"/>
        <line num="70" type="stmt" count="0"/>
        <line num="84" type="method" name="attr" visibility="public" complexity="6" crap="6.97" count="1"/>
        <line num="85" type="stmt" count="1"/>
        <line num="86" type="stmt" count="1"/>
        <line num="87" type="stmt" count="1"/>
        <line num="90" type="stmt" count="1"/>
        <line num="91" type="stmt" count="1"/>
        <line num="92" type="stmt" count="1"/>
        <line num="94" type="stmt" count="1"/>
        <line num="95" type="stmt" count="0"/>
        <line num="96" type="stmt" count="0"/>
        <line num="98" type="stmt" count="0"/>
        <line num="110" type="method" name="append" visibility="public" complexity="3" crap="3" count="5"/>
        <line num="111" type="stmt" count="5"/>
        <line num="112" type="stmt" count="4"/>
        <line num="113" type="stmt" count="4"/>
        <line num="114" type="stmt" count="4"/>
        <line num="117" type="stmt" count="2"/>
        <line num="118" type="stmt" count="2"/>
        <line num="121" type="stmt" count="5"/>
        <line num="131" type="method" name="appendTo" visibility="public" complexity="1" crap="1" count="1"/>
        <line num="132" type="stmt" count="1"/>
        <line num="134" type="stmt" count="1"/>
        <line num="145" type="method" name="prepend" visibility="public" complexity="3" crap="3.21" count="1"/>
        <line num="146" type="stmt" count="1"/>
        <line num="147" type="stmt" count="1"/>
        <line num="148" type="stmt" count="1"/>
        <line num="149" type="stmt" count="1"/>
        <line num="152" type="stmt" count="0"/>
        <line num="153" type="stmt" count="0"/>
        <line num="156" type="stmt" count="1"/>
        <line num="166" type="method" name="prependTo" visibility="public" complexity="1" crap="2" count="0"/>
        <line num="167" type="stmt" count="0"/>
        <line num="169" type="stmt" count="0"/>
        <line num="179" type="method" name="html" visibility="public" complexity="6" crap="42" count="0"/>
        <line num="180" type="stmt" count="0"/>
        <line num="181" type="stmt" count="0"/>
        <line num="182" type="stmt" count="0"/>
        <line num="183" type="stmt" count="0"/>
        <line num="184" type="stmt" count="0"/>
        <line num="185" type="stmt" count="0"/>
        <line num="186" type="stmt" count="0"/>
        <line num="188" type="stmt" count="0"/>
        <line num="191" type="stmt" count="0"/>
        <line num="192" type="stmt" count="0"/>
        <line num="193" type="stmt" count="0"/>
        <line num="194" type="stmt" count="0"/>
        <line num="196" type="stmt" count="0"/>
        <line num="199" type="stmt" count="0"/>
        <line num="201" type="stmt" count="0"/>
        <line num="212" type="method" name="text" visibility="public" complexity="8" crap="10.37" count="6"/>
        <line num="213" type="stmt" count="6"/>
        <line num="214" type="stmt" count="6"/>
        <line num="215" type="stmt" count="6"/>
        <line num="216" type="stmt" count="6"/>
        <line num="217" type="stmt" count="0"/>
        <line num="218" type="stmt" count="0"/>
        <line num="219" type="stmt" count="0"/>
        <line num="221" type="stmt" count="0"/>
        <line num="224" type="stmt" count="6"/>
        <line num="225" type="stmt" count="4"/>
        <line num="226" type="stmt" count="4"/>
        <line num="228" type="stmt" count="4"/>
        <line num="229" type="stmt" count="0"/>
        <line num="231" type="stmt" count="4"/>
        <line num="232" type="stmt" count="4"/>
        <line num="233" type="stmt" count="4"/>
        <line num="237" type="stmt" count="4"/>
        <line num="239" type="stmt" count="0"/>
        <line num="250" type="method" name="addClass" visibility="public" complexity="1" crap="1" count="1"/>
        <line num="251" type="stmt" count="1"/>
        <line num="252" type="stmt" count="1"/>
        <line num="253" type="stmt" count="1"/>
        <line num="255" type="stmt" count="1"/>
        <line num="265" type="method" name="hasClass" visibility="public" complexity="1" crap="1" count="1"/>
        <line num="266" type="stmt" count="1"/>
        <line num="276" type="method" name="removeClass" visibility="public" complexity="3" crap="3.01" count="1"/>
        <line num="277" type="stmt" count="1"/>
        <line num="278" type="stmt" count="1"/>
        <line num="279" type="stmt" count="1"/>
        <line num="280" type="stmt" count="1"/>
        <line num="282" type="stmt" count="1"/>
        <line num="283" type="stmt" count="1"/>
        <line num="284" type="stmt" count="0"/>
        <line num="286" type="stmt" count="1"/>
        <line num="289" type="stmt" count="1"/>
        <line num="300" type="method" name="toggleClass" visibility="public" complexity="7" crap="7.10" count="1"/>
        <line num="301" type="stmt" count="1"/>
        <line num="302" type="stmt" count="1"/>
        <line num="303" type="stmt" count="0"/>
        <line num="306" type="stmt" count="1"/>
        <line num="307" type="stmt" count="1"/>
        <line num="308" type="stmt" count="1"/>
        <line num="309" type="stmt" count="1"/>
        <line num="312" type="stmt" count="1"/>
        <line num="320" type="method" name="getClasses" visibility="private" complexity="2" crap="2" count="1"/>
        <line num="321" type="stmt" count="1"/>
        <line num="322" type="stmt" count="1"/>
        <line num="323" type="stmt" count="1"/>
        <line num="324" type="method" name="anonymousFunction:324#1440" complexity="1" crap="1" count="1"/>
        <line num="325" type="stmt" count="1"/>
        <line num="326" type="stmt" count="1"/>
        <line num="327" type="stmt" count="1"/>
        <line num="330" type="stmt" count="1"/>
        <line num="336" type="method" name="getTagname" visibility="public" complexity="1" crap="2" count="0"/>
        <line num="337" type="stmt" count="0"/>
        <line num="347" type="method" name="switchTagname" visibility="public" complexity="1" crap="2" count="0"/>
        <line num="348" type="stmt" count="0"/>
        <line num="350" type="stmt" count="0"/>
        <line num="353" type="method" name="toString" visibility="public" complexity="5" crap="5.93" count="5"/>
        <line num="354" type="stmt" count="5"/>
        <line num="355" type="stmt" count="0"/>
        <line num="357" type="stmt" count="0"/>
        <line num="359" type="stmt" count="5"/>
        <line num="360" type="stmt" count="5"/>
        <line num="362" type="stmt" count="5"/>
        <line num="366" type="method" name="attributesToString" visibility="protected" complexity="4" crap="4.02" count="5"/>
        <line num="367" type="stmt" count="5"/>
        <line num="368" type="stmt" count="5"/>
        <line num="369" type="stmt" count="2"/>
        <line num="370" type="stmt" count="2"/>
        <line num="371" type="stmt" count="0"/>
        <line num="373" type="stmt" count="2"/>
        <line num="374" type="stmt" count="2"/>
        <line num="375" type="stmt" count="2"/>
        <line num="379" type="stmt" count="5"/>
        <line num="382" type="method" name="__toString" visibility="public" complexity="1" crap="2" count="0"/>
        <line num="383" type="stmt" count="0"/>
        <metrics loc="387" ncloc="242" classes="1" methods="20" coveredmethods="7" conditionals="0" coveredconditionals="0" statements="116" coveredstatements="77" elements="136" coveredelements="84"/>
      </file>
      <file name="E:\dev\html-builder\src/Html.php">
        <class name="TS\Text\HtmlBuilder\Html" namespace="TS\Text\HtmlBuilder">
          <metrics complexity="5" methods="3" coveredmethods="3" conditionals="0" coveredconditionals="0" statements="5" coveredstatements="5" elements="8" coveredelements="8"/>
        </class>
        <line num="44" type="method" name="comment" visibility="public" complexity="1" crap="1" count="1"/>
        <line num="45" type="stmt" count="1"/>
        <line num="55" type="method" name="text" visibility="public" complexity="1" crap="1" count="1"/>
        <line num="56" type="stmt" count="1"/>
        <line num="67" type="method" name="element" visibility="public" complexity="3" crap="3" count="4"/>
        <line num="68" type="stmt" count="4"/>
        <line num="70" type="stmt" count="4"/>
        <line num="72" type="stmt" count="4"/>
        <metrics loc="77" ncloc="51" classes="1" methods="3" coveredmethods="3" conditionals="0" coveredconditionals="0" statements="5" coveredstatements="5" elements="8" coveredelements="8"/>
      </file>
      <file name="E:\dev\html-builder\src/Node.php">
        <class name="TS\Text\HtmlBuilder\Node" namespace="TS\Text\HtmlBuilder">
          <metrics complexity="6" methods="3" coveredmethods="2" conditionals="0" coveredconditionals="0" statements="8" coveredstatements="7" elements="11" coveredelements="9"/>
        </class>
        <line num="21" type="method" name="childNodesToString" visibility="protected" complexity="2" crap="2" count="6"/>
        <line num="23" type="stmt" count="6"/>
        <line num="24" type="stmt" count="6"/>
        <line num="25" type="stmt" count="3"/>
        <line num="27" type="stmt" count="6"/>
        <line num="32" type="method" name="__toString" visibility="public" complexity="1" crap="2" count="0"/>
        <line num="34" type="stmt" count="0"/>
        <line num="37" type="method" name="removeAllChildren" visibility="protected" complexity="2" crap="2" count="6"/>
        <line num="38" type="stmt" count="6"/>
        <line num="39" type="stmt" count="1"/>
        <line num="41" type="stmt" count="6"/>
        <metrics loc="44" ncloc="39" classes="1" methods="3" coveredmethods="2" conditionals="0" coveredconditionals="0" statements="8" coveredstatements="7" elements="11" coveredelements="9"/>
      </file>
      <file name="E:\dev\html-builder\src/RawHtml.php">
        <class name="TS\Text\HtmlBuilder\RawHtml" namespace="TS\Text\HtmlBuilder">
          <metrics complexity="5" methods="3" coveredmethods="0" conditionals="0" coveredconditionals="0" statements="12" coveredstatements="0" elements="15" coveredelements="0"/>
        </class>
        <line num="13" type="method" name="__construct" visibility="public" complexity="3" crap="12" count="0"/>
        <line num="14" type="stmt" count="0"/>
        <line num="15" type="stmt" count="0"/>
        <line num="16" type="stmt" count="0"/>
        <line num="17" type="stmt" count="0"/>
        <line num="18" type="stmt" count="0"/>
        <line num="19" type="stmt" count="0"/>
        <line num="20" type="stmt" count="0"/>
        <line num="21" type="stmt" count="0"/>
        <line num="23" type="method" name="toString" visibility="public" complexity="1" crap="2" count="0"/>
        <line num="24" type="stmt" count="0"/>
        <line num="25" type="stmt" count="0"/>
        <line num="27" type="method" name="__toString" visibility="public" complexity="1" crap="2" count="0"/>
        <line num="28" type="stmt" count="0"/>
        <line num="29" type="stmt" count="0"/>
        <metrics loc="32" ncloc="28" classes="1" methods="3" coveredmethods="0" conditionals="0" coveredconditionals="0" statements="12" coveredstatements="0" elements="15" coveredelements="0"/>
      </file>
      <file name="E:\dev\html-builder\src/Text.php">
        <class name="TS\Text\HtmlBuilder\Text" namespace="TS\Text\HtmlBuilder">
          <metrics complexity="5" methods="3" coveredmethods="1" conditionals="0" coveredconditionals="0" statements="8" coveredstatements="4" elements="11" coveredelements="5"/>
        </class>
        <line num="13" type="method" name="__construct" visibility="public" complexity="3" crap="4.12" count="8"/>
        <line num="14" type="stmt" count="8"/>
        <line num="15" type="stmt" count="8"/>
        <line num="16" type="stmt" count="0"/>
        <line num="17" type="stmt" count="0"/>
        <line num="19" type="stmt" count="0"/>
        <line num="21" type="stmt" count="8"/>
        <line num="23" type="method" name="toString" visibility="public" complexity="1" crap="1" count="4"/>
        <line num="24" type="stmt" count="4"/>
        <line num="27" type="method" name="__toString" visibility="public" complexity="1" crap="2" count="0"/>
        <line num="28" type="stmt" count="0"/>
        <metrics loc="32" ncloc="28" classes="1" methods="3" coveredmethods="1" conditionals="0" coveredconditionals="0" statements="8" coveredstatements="4" elements="11" coveredelements="5"/>
      </file>
    </package>
    <metrics files="6" loc="604" ncloc="414" classes="6" methods="35" coveredmethods="14" conditionals="0" coveredconditionals="0" statements="158" coveredstatements="98" elements="193" coveredelements="112"/>
  </project>
</coverage>
